-- The C compiler identification is GNU 11.4.0
-- The CXX compiler identification is GNU 11.4.0
-- Detecting C compiler ABI info
-- Detecting C compiler ABI info - done
-- Check for working C compiler: /usr/bin/cc - skipped
-- Detecting C compile features
-- Detecting C compile features - done
-- Detecting CXX compiler ABI info
-- Detecting CXX compiler ABI info - done
-- Check for working CXX compiler: /usr/bin/c++ - skipped
-- Detecting CXX compile features
-- Detecting CXX compile features - done
-- Found ros_environment: 3.2.2 (/opt/ros/humble/share/ros_environment/cmake)
-- Found ament_cmake: 1.3.12 (/opt/ros/humble/share/ament_cmake/cmake)
-- Found Python3: /home/jetson/.pyenv/shims/python3 (found version "3.10.18") found components: Interpreter 
-- Override CMake install command with custom implementation using symlinks instead of copying resources
-- Found rclcpp: 16.0.14 (/opt/ros/humble/share/rclcpp/cmake)
-- Found rosidl_generator_c: 3.1.7 (/opt/ros/humble/share/rosidl_generator_c/cmake)
-- Found rosidl_adapter: 3.1.7 (/opt/ros/humble/share/rosidl_adapter/cmake)
-- Found rosidl_generator_cpp: 3.1.7 (/opt/ros/humble/share/rosidl_generator_cpp/cmake)
-- Using all available rosidl_typesupport_c: rosidl_typesupport_fastrtps_c;rosidl_typesupport_introspection_c
-- Using all available rosidl_typesupport_cpp: rosidl_typesupport_fastrtps_cpp;rosidl_typesupport_introspection_cpp
-- Found rmw_implementation_cmake: 6.1.2 (/opt/ros/humble/share/rmw_implementation_cmake/cmake)
-- Found rmw_fastrtps_cpp: 6.2.8 (/opt/ros/humble/share/rmw_fastrtps_cpp/cmake)
-- Found OpenSSL: /usr/lib/aarch64-linux-gnu/libcrypto.so (found version "3.0.2")  
-- Found FastRTPS: /opt/ros/humble/include  
-- Using RMW implementation 'rmw_fastrtps_cpp' as default
-- Looking for pthread.h
-- Looking for pthread.h - found
-- Performing Test CMAKE_HAVE_LIBC_PTHREAD
-- Performing Test CMAKE_HAVE_LIBC_PTHREAD - Success
-- Found Threads: TRUE  
-- Found sensor_msgs: 4.9.0 (/opt/ros/humble/share/sensor_msgs/cmake)
-- Found diagnostic_msgs: 4.9.0 (/opt/ros/humble/share/diagnostic_msgs/cmake)
-- Found std_srvs: 4.9.0 (/opt/ros/humble/share/std_srvs/cmake)
-- Configuring done
-- Generating done
-- Build files have been written to: /home/jetson/base_dev/build/imu_bno055
[ 75%] [32mBuilding CXX object CMakeFiles/bno055_i2c_node.dir/src/bno055_i2c_node_ros2.cpp.o[0m
[ 75%] [32mBuilding CXX object CMakeFiles/bno055_i2c_node.dir/src/bno055_i2c_driver.cpp.o[0m
[ 75%] [32mBuilding CXX object CMakeFiles/bno055_i2c_node.dir/src/watchdog.cpp.o[0m
[100%] [32m[1mLinking CXX executable bno055_i2c_node[0m
[100%] Built target bno055_i2c_node
-- Install configuration: ""
-- Execute custom install script
-- Symlinking: /home/jetson/base_dev/install/imu_bno055/lib/imu_bno055/bno055_i2c_node
-- Symlinking: /home/jetson/base_dev/install/imu_bno055/share/ament_index/resource_index/package_run_dependencies/imu_bno055
-- Symlinking: /home/jetson/base_dev/install/imu_bno055/share/ament_index/resource_index/parent_prefix_path/imu_bno055
-- Symlinking: /home/jetson/base_dev/install/imu_bno055/share/imu_bno055/environment/ament_prefix_path.sh
-- Symlinking: /home/jetson/base_dev/install/imu_bno055/share/imu_bno055/environment/ament_prefix_path.dsv
-- Symlinking: /home/jetson/base_dev/install/imu_bno055/share/imu_bno055/environment/path.sh
-- Symlinking: /home/jetson/base_dev/install/imu_bno055/share/imu_bno055/environment/path.dsv
-- Symlinking: /home/jetson/base_dev/install/imu_bno055/share/imu_bno055/local_setup.bash
-- Symlinking: /home/jetson/base_dev/install/imu_bno055/share/imu_bno055/local_setup.sh
-- Symlinking: /home/jetson/base_dev/install/imu_bno055/share/imu_bno055/local_setup.zsh
-- Symlinking: /home/jetson/base_dev/install/imu_bno055/share/imu_bno055/local_setup.dsv
-- Symlinking: /home/jetson/base_dev/install/imu_bno055/share/imu_bno055/package.dsv
-- Symlinking: /home/jetson/base_dev/install/imu_bno055/share/ament_index/resource_index/packages/imu_bno055
-- Symlinking: /home/jetson/base_dev/install/imu_bno055/share/imu_bno055/cmake/imu_bno055Config.cmake
-- Symlinking: /home/jetson/base_dev/install/imu_bno055/share/imu_bno055/cmake/imu_bno055Config-version.cmake
-- Symlinking: /home/jetson/base_dev/install/imu_bno055/share/imu_bno055/package.xml
