running develop
running egg_info
creating motor_control.egg-info
writing motor_control.egg-info/PKG-INFO
writing dependency_links to motor_control.egg-info/dependency_links.txt
writing entry points to motor_control.egg-info/entry_points.txt
writing requirements to motor_control.egg-info/requires.txt
writing top-level names to motor_control.egg-info/top_level.txt
writing manifest file 'motor_control.egg-info/SOURCES.txt'
reading manifest file 'motor_control.egg-info/SOURCES.txt'
writing manifest file 'motor_control.egg-info/SOURCES.txt'
running build_ext
Creating /home/jetson/base_dev/install/motor_control/lib/python3.10/site-packages/motor-control.egg-link (link to .)
Installing teleop_twist_keyboard script to /home/jetson/base_dev/install/motor_control/lib/motor_control
Installing uart_send_to_esp32 script to /home/jetson/base_dev/install/motor_control/lib/motor_control

Installed /home/jetson/base_dev/build/motor_control
running symlink_data
symbolically linking /home/jetson/base_dev/build/motor_control/package.xml -> /home/jetson/base_dev/install/motor_control/share/motor_control
creating /home/jetson/base_dev/install/motor_control/share/motor_control/launch
symbolically linking /home/jetson/base_dev/build/motor_control/launch/keyboard_control.launch.py -> /home/jetson/base_dev/install/motor_control/share/motor_control/launch
symbolically linking /home/jetson/base_dev/build/motor_control/launch/esp32_motor_controller.launch.py -> /home/jetson/base_dev/install/motor_control/share/motor_control/launch
creating /home/jetson/base_dev/install/motor_control/share/motor_control/config
symbolically linking /home/jetson/base_dev/build/motor_control/config/motor_config.yaml -> /home/jetson/base_dev/install/motor_control/share/motor_control/config
