[2.235s] Invoking command in '/home/jetson/base_dev/build/motor_control': PYTHONPATH=/home/jetson/base_dev/build/motor_control/prefix_override:/usr/lib/python3/dist-packages/colcon_core/task/python/colcon_distutils_commands:/home/jetson/base_dev/install/motor_control/lib/python3.10/site-packages:${PYTHONPATH} /usr/bin/python3 -W ignore:setup.py install is deprecated -W ignore:easy_install command is deprecated setup.py develop --editable --build-directory /home/jetson/base_dev/build/motor_control/build --no-deps symlink_data
[2.864s] running develop
[3.271s] running egg_info
[3.271s] creating motor_control.egg-info
[3.272s] writing motor_control.egg-info/PKG-INFO
[3.272s] writing dependency_links to motor_control.egg-info/dependency_links.txt
[3.272s] writing entry points to motor_control.egg-info/entry_points.txt
[3.273s] writing requirements to motor_control.egg-info/requires.txt
[3.273s] writing top-level names to motor_control.egg-info/top_level.txt
[3.273s] writing manifest file 'motor_control.egg-info/SOURCES.txt'
[3.275s] reading manifest file 'motor_control.egg-info/SOURCES.txt'
[3.276s] writing manifest file 'motor_control.egg-info/SOURCES.txt'
[3.280s] running build_ext
[3.282s] Creating /home/jetson/base_dev/install/motor_control/lib/python3.10/site-packages/motor-control.egg-link (link to .)
[3.284s] Installing teleop_twist_keyboard script to /home/jetson/base_dev/install/motor_control/lib/motor_control
[3.284s] Installing uart_send_to_esp32 script to /home/jetson/base_dev/install/motor_control/lib/motor_control
[3.285s] 
[3.285s] Installed /home/jetson/base_dev/build/motor_control
[3.285s] running symlink_data
[3.285s] symbolically linking /home/jetson/base_dev/build/motor_control/package.xml -> /home/jetson/base_dev/install/motor_control/share/motor_control
[3.286s] creating /home/jetson/base_dev/install/motor_control/share/motor_control/launch
[3.286s] symbolically linking /home/jetson/base_dev/build/motor_control/launch/keyboard_control.launch.py -> /home/jetson/base_dev/install/motor_control/share/motor_control/launch
[3.286s] symbolically linking /home/jetson/base_dev/build/motor_control/launch/esp32_motor_controller.launch.py -> /home/jetson/base_dev/install/motor_control/share/motor_control/launch
[3.286s] creating /home/jetson/base_dev/install/motor_control/share/motor_control/config
[3.286s] symbolically linking /home/jetson/base_dev/build/motor_control/config/motor_config.yaml -> /home/jetson/base_dev/install/motor_control/share/motor_control/config
[3.390s] Invoked command in '/home/jetson/base_dev/build/motor_control' returned '0': PYTHONPATH=/home/jetson/base_dev/build/motor_control/prefix_override:/usr/lib/python3/dist-packages/colcon_core/task/python/colcon_distutils_commands:/home/jetson/base_dev/install/motor_control/lib/python3.10/site-packages:${PYTHONPATH} /usr/bin/python3 -W ignore:setup.py install is deprecated -W ignore:easy_install command is deprecated setup.py develop --editable --build-directory /home/jetson/base_dev/build/motor_control/build --no-deps symlink_data
